<?xml version="1.0" encoding="UTF-8"?>
<coverage generated="1757081914279" clover="3.2.0">
  <project timestamp="1757081914279" name="All files">
    <metrics statements="278" coveredstatements="264" conditionals="91" coveredconditionals="69" methods="56" coveredmethods="47" elements="425" coveredelements="380" complexity="0" loc="278" ncloc="278" packages="4" files="11" classes="11"/>
    <package name="src">
      <metrics statements="29" coveredstatements="29" conditionals="3" coveredconditionals="2" methods="14" coveredmethods="5"/>
      <file name="Z21Client.ts" path="/Users/nme/Workspace/z21-client/src/Z21Client.ts">
        <metrics statements="28" coveredstatements="28" conditionals="3" coveredconditionals="2" methods="14" coveredmethods="5"/>
        <line num="2" count="4" type="stmt"/>
        <line num="3" count="4" type="stmt"/>
        <line num="4" count="4" type="stmt"/>
        <line num="5" count="4" type="stmt"/>
        <line num="6" count="4" type="stmt"/>
        <line num="7" count="4" type="stmt"/>
        <line num="9" count="4" type="stmt"/>
        <line num="23" count="29" type="stmt"/>
        <line num="24" count="29" type="stmt"/>
        <line num="27" count="29" type="stmt"/>
        <line num="28" count="29" type="stmt"/>
        <line num="29" count="29" type="stmt"/>
        <line num="32" count="29" type="stmt"/>
        <line num="33" count="29" type="stmt"/>
        <line num="34" count="29" type="stmt"/>
        <line num="35" count="29" type="stmt"/>
        <line num="36" count="29" type="stmt"/>
        <line num="37" count="29" type="stmt"/>
        <line num="38" count="29" type="stmt"/>
        <line num="39" count="29" type="stmt"/>
        <line num="40" count="29" type="stmt"/>
        <line num="41" count="29" type="stmt"/>
        <line num="42" count="29" type="stmt"/>
        <line num="44" count="29" type="stmt"/>
        <line num="46" count="29" type="cond" truecount="1" falsecount="0"/>
        <line num="47" count="1" type="stmt"/>
        <line num="53" count="1" type="stmt"/>
        <line num="54" count="1" type="stmt"/>
      </file>
      <file name="Z21Commands.ts" path="/Users/nme/Workspace/z21-client/src/Z21Commands.ts">
        <metrics statements="1" coveredstatements="1" conditionals="0" coveredconditionals="0" methods="0" coveredmethods="0"/>
        <line num="4" count="4" type="stmt"/>
      </file>
    </package>
    <package name="src.controllers">
      <metrics statements="109" coveredstatements="109" conditionals="34" coveredconditionals="24" methods="25" coveredmethods="25"/>
      <file name="AccessoryController.ts" path="/Users/nme/Workspace/z21-client/src/controllers/AccessoryController.ts">
        <metrics statements="15" coveredstatements="15" conditionals="6" coveredconditionals="2" methods="2" coveredmethods="2"/>
        <line num="3" count="4" type="stmt"/>
        <line num="7" count="29" type="stmt"/>
        <line num="24" count="2" type="stmt"/>
        <line num="27" count="2" type="stmt"/>
        <line num="28" count="2" type="stmt"/>
        <line num="38" count="2" type="stmt"/>
        <line num="40" count="2" type="cond" truecount="0" falsecount="1"/>
        <line num="41" count="2" type="cond" truecount="1" falsecount="0"/>
        <line num="42" count="2" type="cond" truecount="1" falsecount="0"/>
        <line num="45" count="2" type="stmt"/>
        <line num="48" count="2" type="stmt"/>
        <line num="49" count="8" type="stmt"/>
        <line num="50" count="2" type="stmt"/>
        <line num="53" count="2" type="stmt"/>
        <line num="55" count="2" type="stmt"/>
      </file>
      <file name="EngineController.ts" path="/Users/nme/Workspace/z21-client/src/controllers/EngineController.ts">
        <metrics statements="76" coveredstatements="76" conditionals="22" coveredconditionals="19" methods="12" coveredmethods="12"/>
        <line num="4" count="4" type="stmt"/>
        <line num="8" count="29" type="stmt"/>
        <line num="18" count="1" type="stmt"/>
        <line num="19" count="1" type="stmt"/>
        <line num="22" count="1" type="cond" truecount="1" falsecount="0"/>
        <line num="23" count="1" type="stmt"/>
        <line num="27" count="1" type="stmt"/>
        <line num="30" count="1" type="stmt"/>
        <line num="31" count="4" type="stmt"/>
        <line num="32" count="1" type="stmt"/>
        <line num="35" count="1" type="stmt"/>
        <line num="37" count="1" type="stmt"/>
        <line num="48" count="4" type="stmt"/>
        <line num="49" count="4" type="stmt"/>
        <line num="50" count="4" type="cond" truecount="1" falsecount="1"/>
        <line num="51" count="4" type="stmt"/>
        <line num="53" count="4" type="stmt"/>
        <line num="54" count="4" type="cond" truecount="2" falsecount="0"/>
        <line num="55" count="1" type="stmt"/>
        <line num="56" count="3" type="cond" truecount="1" falsecount="0"/>
        <line num="57" count="1" type="stmt"/>
        <line num="61" count="4" type="stmt"/>
        <line num="64" count="4" type="stmt"/>
        <line num="65" count="4" type="stmt"/>
        <line num="66" count="20" type="stmt"/>
        <line num="68" count="4" type="stmt"/>
        <line num="71" count="4" type="stmt"/>
        <line num="74" count="4" type="stmt"/>
        <line num="85" count="7" type="stmt"/>
        <line num="86" count="7" type="stmt"/>
        <line num="89" count="7" type="stmt"/>
        <line num="90" count="7" type="cond" truecount="3" falsecount="0"/>
        <line num="91" count="2" type="stmt"/>
        <line num="95" count="5" type="cond" truecount="4" falsecount="0"/>
        <line num="97" count="2" type="stmt"/>
        <line num="98" count="2" type="stmt"/>
        <line num="100" count="1" type="stmt"/>
        <line num="101" count="1" type="stmt"/>
        <line num="103" count="1" type="stmt"/>
        <line num="104" count="1" type="stmt"/>
        <line num="106" count="1" type="stmt"/>
        <line num="110" count="4" type="stmt"/>
        <line num="115" count="4" type="stmt"/>
        <line num="116" count="4" type="stmt"/>
        <line num="124" count="2" type="stmt"/>
        <line num="126" count="2" type="stmt"/>
        <line num="127" count="2" type="stmt"/>
        <line num="128" count="2" type="stmt"/>
        <line num="131" count="2" type="stmt"/>
        <line num="133" count="2" type="stmt"/>
        <line num="134" count="8" type="stmt"/>
        <line num="135" count="2" type="stmt"/>
        <line num="138" count="2" type="stmt"/>
        <line num="140" count="2" type="stmt"/>
        <line num="142" count="2" type="stmt"/>
        <line num="143" count="1" type="cond" truecount="1" falsecount="0"/>
        <line num="144" count="1" type="stmt"/>
        <line num="148" count="2" type="stmt"/>
        <line num="149" count="1" type="cond" truecount="2" falsecount="1"/>
        <line num="150" count="1" type="stmt"/>
        <line num="166" count="2" type="stmt"/>
        <line num="168" count="2" type="stmt"/>
        <line num="169" count="2" type="stmt"/>
        <line num="170" count="2" type="stmt"/>
        <line num="173" count="2" type="stmt"/>
        <line num="176" count="2" type="stmt"/>
        <line num="177" count="10" type="stmt"/>
        <line num="178" count="2" type="stmt"/>
        <line num="181" count="2" type="stmt"/>
        <line num="183" count="2" type="stmt"/>
        <line num="185" count="2" type="stmt"/>
        <line num="186" count="1" type="cond" truecount="1" falsecount="0"/>
        <line num="187" count="1" type="stmt"/>
        <line num="191" count="2" type="stmt"/>
        <line num="192" count="1" type="cond" truecount="2" falsecount="1"/>
        <line num="193" count="1" type="stmt"/>
      </file>
      <file name="SystemController.ts" path="/Users/nme/Workspace/z21-client/src/controllers/SystemController.ts">
        <metrics statements="18" coveredstatements="18" conditionals="6" coveredconditionals="3" methods="11" coveredmethods="11"/>
        <line num="2" count="4" type="stmt"/>
        <line num="4" count="4" type="stmt"/>
        <line num="8" count="29" type="stmt"/>
        <line num="18" count="1" type="stmt"/>
        <line num="19" count="1" type="cond" truecount="1" falsecount="0"/>
        <line num="20" count="1" type="cond" truecount="1" falsecount="0"/>
        <line num="21" count="1" type="cond" truecount="1" falsecount="0"/>
        <line num="24" count="1" type="stmt"/>
        <line num="29" count="1" type="stmt"/>
        <line num="35" count="1" type="stmt"/>
        <line num="40" count="1" type="stmt"/>
        <line num="45" count="1" type="stmt"/>
        <line num="50" count="1" type="stmt"/>
        <line num="55" count="1" type="stmt"/>
        <line num="60" count="1" type="stmt"/>
        <line num="66" count="1" type="stmt"/>
        <line num="67" count="1" type="stmt"/>
        <line num="71" count="1" type="stmt"/>
      </file>
    </package>
    <package name="src.parsers">
      <metrics statements="105" coveredstatements="92" conditionals="47" coveredconditionals="40" methods="7" coveredmethods="7"/>
      <file name="commandStationStatus.ts" path="/Users/nme/Workspace/z21-client/src/parsers/commandStationStatus.ts">
        <metrics statements="1" coveredstatements="1" conditionals="0" coveredconditionals="0" methods="0" coveredmethods="0"/>
        <line num="1" count="5" type="stmt"/>
      </file>
      <file name="feedbackParser.ts" path="/Users/nme/Workspace/z21-client/src/parsers/feedbackParser.ts">
        <metrics statements="16" coveredstatements="16" conditionals="9" coveredconditionals="9" methods="2" coveredmethods="2"/>
        <line num="1" count="5" type="stmt"/>
        <line num="2" count="5" type="stmt"/>
        <line num="5" count="5" type="stmt"/>
        <line num="10" count="25" type="stmt"/>
        <line num="11" count="25" type="stmt"/>
        <line num="15" count="25" type="cond" truecount="3" falsecount="0"/>
        <line num="16" count="1" type="stmt"/>
        <line num="26" count="24" type="stmt"/>
        <line num="27" count="24" type="cond" truecount="1" falsecount="0"/>
        <line num="28" count="1" type="stmt"/>
        <line num="38" count="23" type="stmt"/>
        <line num="40" count="23" type="cond" truecount="2" falsecount="0"/>
        <line num="42" count="18" type="stmt"/>
        <line num="43" count="5" type="cond" truecount="3" falsecount="0"/>
        <line num="45" count="4" type="stmt"/>
        <line num="48" count="1" type="stmt"/>
      </file>
      <file name="lanParser.ts" path="/Users/nme/Workspace/z21-client/src/parsers/lanParser.ts">
        <metrics statements="13" coveredstatements="12" conditionals="7" coveredconditionals="6" methods="1" coveredmethods="1"/>
        <line num="3" count="5" type="stmt"/>
        <line num="12" count="4" type="cond" truecount="2" falsecount="1"/>
        <line num="14" count="2" type="cond" truecount="2" falsecount="0"/>
        <line num="15" count="1" type="stmt"/>
        <line num="16" count="1" type="stmt"/>
        <line num="18" count="1" type="stmt"/>
        <line num="19" count="1" type="stmt"/>
        <line num="23" count="2" type="cond" truecount="2" falsecount="0"/>
        <line num="24" count="1" type="stmt"/>
        <line num="25" count="1" type="stmt"/>
        <line num="35" count="1" type="stmt"/>
        <line num="36" count="1" type="stmt"/>
        <line num="39" count="0" type="stmt"/>
      </file>
      <file name="lanXParser.ts" path="/Users/nme/Workspace/z21-client/src/parsers/lanXParser.ts">
        <metrics statements="74" coveredstatements="62" conditionals="31" coveredconditionals="25" methods="4" coveredmethods="4"/>
        <line num="1" count="5" type="stmt"/>
        <line num="2" count="5" type="stmt"/>
        <line num="11" count="5" type="stmt"/>
        <line num="13" count="18" type="stmt"/>
        <line num="15" count="18" type="cond" truecount="5" falsecount="1"/>
        <line num="17" count="5" type="cond" truecount="1" falsecount="0"/>
        <line num="18" count="5" type="stmt"/>
        <line num="24" count="5" type="cond" truecount="2" falsecount="0"/>
        <line num="25" count="5" type="stmt"/>
        <line num="27" count="0" type="stmt"/>
        <line num="30" count="6" type="cond" truecount="6" falsecount="1"/>
        <line num="32" count="1" type="stmt"/>
        <line num="34" count="1" type="stmt"/>
        <line num="36" count="1" type="stmt"/>
        <line num="38" count="1" type="stmt"/>
        <line num="40" count="1" type="stmt"/>
        <line num="47" count="1" type="stmt"/>
        <line num="54" count="0" type="stmt"/>
        <line num="55" count="0" type="stmt"/>
        <line num="59" count="2" type="cond" truecount="1" falsecount="0"/>
        <line num="60" count="2" type="stmt"/>
        <line num="62" count="0" type="stmt"/>
        <line num="64" count="4" type="stmt"/>
        <line num="67" count="1" type="stmt"/>
        <line num="70" count="0" type="stmt"/>
        <line num="71" count="0" type="stmt"/>
        <line num="74" count="0" type="stmt"/>
        <line num="78" count="4" type="stmt"/>
        <line num="79" count="4" type="stmt"/>
        <line num="80" count="4" type="stmt"/>
        <line num="82" count="4" type="stmt"/>
        <line num="84" count="4" type="cond" truecount="4" falsecount="0"/>
        <line num="86" count="1" type="stmt"/>
        <line num="87" count="1" type="stmt"/>
        <line num="89" count="1" type="stmt"/>
        <line num="90" count="1" type="stmt"/>
        <line num="92" count="1" type="stmt"/>
        <line num="93" count="1" type="stmt"/>
        <line num="95" count="1" type="stmt"/>
        <line num="98" count="4" type="stmt"/>
        <line num="102" count="1" type="stmt"/>
        <line num="103" count="1" type="stmt"/>
        <line num="104" count="1" type="stmt"/>
        <line num="106" count="1" type="stmt"/>
        <line num="107" count="1" type="stmt"/>
        <line num="108" count="1" type="stmt"/>
        <line num="111" count="1" type="cond" truecount="1" falsecount="3"/>
        <line num="113" count="0" type="stmt"/>
        <line num="114" count="0" type="stmt"/>
        <line num="116" count="0" type="stmt"/>
        <line num="117" count="0" type="stmt"/>
        <line num="119" count="1" type="stmt"/>
        <line num="120" count="1" type="stmt"/>
        <line num="122" count="0" type="stmt"/>
        <line num="125" count="1" type="stmt"/>
        <line num="126" count="1" type="cond" truecount="1" falsecount="1"/>
        <line num="127" count="1" type="stmt"/>
        <line num="129" count="1" type="stmt"/>
        <line num="130" count="1" type="stmt"/>
        <line num="131" count="1" type="stmt"/>
        <line num="139" count="1" type="cond" truecount="1" falsecount="0"/>
        <line num="140" count="8" type="stmt"/>
        <line num="142" count="1" type="cond" truecount="1" falsecount="0"/>
        <line num="143" count="8" type="stmt"/>
        <line num="145" count="1" type="cond" truecount="1" falsecount="0"/>
        <line num="146" count="8" type="stmt"/>
        <line num="148" count="1" type="cond" truecount="1" falsecount="0"/>
        <line num="149" count="3" type="stmt"/>
        <line num="152" count="1" type="stmt"/>
        <line num="168" count="2" type="stmt"/>
        <line num="169" count="2" type="stmt"/>
        <line num="170" count="2" type="stmt"/>
        <line num="171" count="2" type="stmt"/>
        <line num="173" count="2" type="stmt"/>
      </file>
      <file name="lanXReturnCodes.ts" path="/Users/nme/Workspace/z21-client/src/parsers/lanXReturnCodes.ts">
        <metrics statements="1" coveredstatements="1" conditionals="0" coveredconditionals="0" methods="0" coveredmethods="0"/>
        <line num="1" count="5" type="stmt"/>
      </file>
    </package>
    <package name="src.transport">
      <metrics statements="35" coveredstatements="34" conditionals="7" coveredconditionals="3" methods="10" coveredmethods="10"/>
      <file name="Z21UdpTransport.ts" path="/Users/nme/Workspace/z21-client/src/transport/Z21UdpTransport.ts">
        <metrics statements="35" coveredstatements="34" conditionals="7" coveredconditionals="3" methods="10" coveredmethods="10"/>
        <line num="1" count="4" type="stmt"/>
        <line num="2" count="4" type="stmt"/>
        <line num="6" count="4" type="stmt"/>
        <line num="14" count="29" type="stmt"/>
        <line num="15" count="29" type="stmt"/>
        <line num="16" count="29" type="stmt"/>
        <line num="17" count="29" type="stmt"/>
        <line num="18" count="29" type="stmt"/>
        <line num="19" count="29" type="stmt"/>
        <line num="22" count="29" type="stmt"/>
        <line num="25" count="29" type="stmt"/>
        <line num="26" count="1" type="stmt"/>
        <line num="27" count="1" type="stmt"/>
        <line num="28" count="1" type="stmt"/>
        <line num="31" count="29" type="cond" truecount="1" falsecount="0"/>
        <line num="32" count="1" type="stmt"/>
        <line num="42" count="5" type="cond" truecount="0" falsecount="1"/>
        <line num="43" count="0" type="stmt"/>
        <line num="46" count="5" type="stmt"/>
        <line num="47" count="5" type="cond" truecount="1" falsecount="0"/>
        <line num="48" count="5" type="stmt"/>
        <line num="61" count="23" type="stmt"/>
        <line num="62" count="23" type="stmt"/>
        <line num="64" count="23" type="stmt"/>
        <line num="65" count="23" type="stmt"/>
        <line num="66" count="142" type="stmt"/>
        <line num="69" count="23" type="stmt"/>
        <line num="77" count="23" type="stmt"/>
        <line num="79" count="23" type="stmt"/>
        <line num="81" count="23" type="stmt"/>
        <line num="89" count="23" type="stmt"/>
        <line num="90" count="23" type="stmt"/>
        <line num="91" count="23" type="cond" truecount="1" falsecount="1"/>
        <line num="92" count="23" type="stmt"/>
        <line num="98" count="2" type="stmt"/>
      </file>
    </package>
  </project>
</coverage>
