{"/Users/nme/Workspace/z21-client/src/Z21Client.ts": {"path":"/Users/nme/Workspace/z21-client/src/Z21Client.ts","statementMap":{"0":{"start":{"line":2,"column":0},"end":{"line":2,"column":38}},"1":{"start":{"line":3,"column":0},"end":{"line":3,"column":62}},"2":{"start":{"line":4,"column":0},"end":{"line":4,"column":66}},"3":{"start":{"line":5,"column":0},"end":{"line":5,"column":72}},"4":{"start":{"line":6,"column":0},"end":{"line":6,"column":66}},"5":{"start":{"line":7,"column":0},"end":{"line":7,"column":58}},"6":{"start":{"line":23,"column":4},"end":{"line":23,"column":12}},"7":{"start":{"line":24,"column":4},"end":{"line":24,"column":82}},"8":{"start":{"line":27,"column":4},"end":{"line":27,"column":56}},"9":{"start":{"line":28,"column":4},"end":{"line":28,"column":63}},"10":{"start":{"line":29,"column":4},"end":{"line":29,"column":55}},"11":{"start":{"line":32,"column":4},"end":{"line":32,"column":65}},"12":{"start":{"line":32,"column":40},"end":{"line":32,"column":63}},"13":{"start":{"line":33,"column":4},"end":{"line":33,"column":79}},"14":{"start":{"line":33,"column":47},"end":{"line":33,"column":77}},"15":{"start":{"line":34,"column":4},"end":{"line":34,"column":83}},"16":{"start":{"line":34,"column":49},"end":{"line":34,"column":81}},"17":{"start":{"line":35,"column":4},"end":{"line":35,"column":67}},"18":{"start":{"line":35,"column":41},"end":{"line":35,"column":65}},"19":{"start":{"line":36,"column":4},"end":{"line":36,"column":75}},"20":{"start":{"line":36,"column":45},"end":{"line":36,"column":73}},"21":{"start":{"line":37,"column":4},"end":{"line":37,"column":85}},"22":{"start":{"line":37,"column":50},"end":{"line":37,"column":83}},"23":{"start":{"line":38,"column":4},"end":{"line":38,"column":79}},"24":{"start":{"line":38,"column":47},"end":{"line":38,"column":77}},"25":{"start":{"line":39,"column":4},"end":{"line":39,"column":75}},"26":{"start":{"line":39,"column":45},"end":{"line":39,"column":73}},"27":{"start":{"line":40,"column":4},"end":{"line":40,"column":71}},"28":{"start":{"line":40,"column":43},"end":{"line":40,"column":69}},"29":{"start":{"line":41,"column":4},"end":{"line":41,"column":81}},"30":{"start":{"line":41,"column":48},"end":{"line":41,"column":79}},"31":{"start":{"line":42,"column":4},"end":{"line":42,"column":87}},"32":{"start":{"line":42,"column":51},"end":{"line":42,"column":85}},"33":{"start":{"line":44,"column":4},"end":{"line":44,"column":65}},"34":{"start":{"line":44,"column":40},"end":{"line":44,"column":63}},"35":{"start":{"line":46,"column":4},"end":{"line":48,"column":5}},"36":{"start":{"line":47,"column":6},"end":{"line":47,"column":38}},"37":{"start":{"line":53,"column":4},"end":{"line":53,"column":31}},"38":{"start":{"line":54,"column":4},"end":{"line":54,"column":33}},"39":{"start":{"line":9,"column":0},"end":{"line":9,"column":13}}},"fnMap":{"0":{"name":"(anonymous_0)","decl":{"start":{"line":22,"column":2},"end":{"line":22,"column":14}},"loc":{"start":{"line":22,"column":72},"end":{"line":50,"column":3}}},"1":{"name":"(anonymous_1)","decl":{"start":{"line":32,"column":31},"end":{"line":32,"column":32}},"loc":{"start":{"line":32,"column":40},"end":{"line":32,"column":63}}},"2":{"name":"(anonymous_2)","decl":{"start":{"line":33,"column":38},"end":{"line":33,"column":39}},"loc":{"start":{"line":33,"column":47},"end":{"line":33,"column":77}}},"3":{"name":"(anonymous_3)","decl":{"start":{"line":34,"column":40},"end":{"line":34,"column":41}},"loc":{"start":{"line":34,"column":49},"end":{"line":34,"column":81}}},"4":{"name":"(anonymous_4)","decl":{"start":{"line":35,"column":32},"end":{"line":35,"column":33}},"loc":{"start":{"line":35,"column":41},"end":{"line":35,"column":65}}},"5":{"name":"(anonymous_5)","decl":{"start":{"line":36,"column":36},"end":{"line":36,"column":37}},"loc":{"start":{"line":36,"column":45},"end":{"line":36,"column":73}}},"6":{"name":"(anonymous_6)","decl":{"start":{"line":37,"column":41},"end":{"line":37,"column":42}},"loc":{"start":{"line":37,"column":50},"end":{"line":37,"column":83}}},"7":{"name":"(anonymous_7)","decl":{"start":{"line":38,"column":38},"end":{"line":38,"column":39}},"loc":{"start":{"line":38,"column":47},"end":{"line":38,"column":77}}},"8":{"name":"(anonymous_8)","decl":{"start":{"line":39,"column":36},"end":{"line":39,"column":37}},"loc":{"start":{"line":39,"column":45},"end":{"line":39,"column":73}}},"9":{"name":"(anonymous_9)","decl":{"start":{"line":40,"column":34},"end":{"line":40,"column":35}},"loc":{"start":{"line":40,"column":43},"end":{"line":40,"column":69}}},"10":{"name":"(anonymous_10)","decl":{"start":{"line":41,"column":39},"end":{"line":41,"column":40}},"loc":{"start":{"line":41,"column":48},"end":{"line":41,"column":79}}},"11":{"name":"(anonymous_11)","decl":{"start":{"line":42,"column":42},"end":{"line":42,"column":43}},"loc":{"start":{"line":42,"column":51},"end":{"line":42,"column":85}}},"12":{"name":"(anonymous_12)","decl":{"start":{"line":44,"column":31},"end":{"line":44,"column":32}},"loc":{"start":{"line":44,"column":40},"end":{"line":44,"column":63}}},"13":{"name":"(anonymous_13)","decl":{"start":{"line":52,"column":9},"end":{"line":52,"column":14}},"loc":{"start":{"line":52,"column":20},"end":{"line":55,"column":3}}}},"branchMap":{"0":{"loc":{"start":{"line":22,"column":28},"end":{"line":22,"column":48}},"type":"default-arg","locations":[{"start":{"line":22,"column":43},"end":{"line":22,"column":48}}]},"1":{"loc":{"start":{"line":22,"column":50},"end":{"line":22,"column":72}},"type":"default-arg","locations":[{"start":{"line":22,"column":67},"end":{"line":22,"column":72}}]},"2":{"loc":{"start":{"line":46,"column":4},"end":{"line":48,"column":5}},"type":"if","locations":[{"start":{"line":46,"column":4},"end":{"line":48,"column":5}}]}},"s":{"0":4,"1":4,"2":4,"3":4,"4":4,"5":4,"6":29,"7":29,"8":29,"9":29,"10":29,"11":29,"12":0,"13":29,"14":1,"15":29,"16":0,"17":29,"18":0,"19":29,"20":0,"21":29,"22":0,"23":29,"24":0,"25":29,"26":0,"27":29,"28":2,"29":29,"30":0,"31":29,"32":0,"33":29,"34":3,"35":29,"36":1,"37":1,"38":1,"39":4},"f":{"0":29,"1":0,"2":1,"3":0,"4":0,"5":0,"6":0,"7":0,"8":0,"9":2,"10":0,"11":0,"12":3,"13":1},"b":{"0":[0],"1":[28],"2":[1]}}
,"/Users/nme/Workspace/z21-client/src/Z21Commands.ts": {"path":"/Users/nme/Workspace/z21-client/src/Z21Commands.ts","statementMap":{"0":{"start":{"line":4,"column":13},"end":{"line":15,"column":2}}},"fnMap":{},"branchMap":{},"s":{"0":4},"f":{},"b":{}}
,"/Users/nme/Workspace/z21-client/src/controllers/AccessoryController.ts": {"path":"/Users/nme/Workspace/z21-client/src/controllers/AccessoryController.ts","statementMap":{"0":{"start":{"line":7,"column":4},"end":{"line":7,"column":31}},"1":{"start":{"line":24,"column":4},"end":{"line":24,"column":26}},"2":{"start":{"line":27,"column":21},"end":{"line":27,"column":42}},"3":{"start":{"line":28,"column":21},"end":{"line":28,"column":35}},"4":{"start":{"line":38,"column":14},"end":{"line":38,"column":18}},"5":{"start":{"line":40,"column":4},"end":{"line":40,"column":27}},"6":{"start":{"line":40,"column":15},"end":{"line":40,"column":27}},"7":{"start":{"line":41,"column":4},"end":{"line":41,"column":30}},"8":{"start":{"line":41,"column":18},"end":{"line":41,"column":30}},"9":{"start":{"line":42,"column":4},"end":{"line":42,"column":28}},"10":{"start":{"line":42,"column":16},"end":{"line":42,"column":28}},"11":{"start":{"line":45,"column":27},"end":{"line":45,"column":58}},"12":{"start":{"line":48,"column":14},"end":{"line":48,"column":15}},"13":{"start":{"line":49,"column":4},"end":{"line":49,"column":51}},"14":{"start":{"line":49,"column":39},"end":{"line":49,"column":51}},"15":{"start":{"line":50,"column":4},"end":{"line":50,"column":29}},"16":{"start":{"line":53,"column":20},"end":{"line":53,"column":51}},"17":{"start":{"line":55,"column":4},"end":{"line":55,"column":46}},"18":{"start":{"line":3,"column":0},"end":{"line":3,"column":13}}},"fnMap":{"0":{"name":"(anonymous_0)","decl":{"start":{"line":6,"column":2},"end":{"line":6,"column":14}},"loc":{"start":{"line":6,"column":40},"end":{"line":8,"column":3}}},"1":{"name":"(anonymous_1)","decl":{"start":{"line":17,"column":9},"end":{"line":17,"column":14}},"loc":{"start":{"line":21,"column":26},"end":{"line":56,"column":3}}}},"branchMap":{"0":{"loc":{"start":{"line":19,"column":4},"end":{"line":19,"column":27}},"type":"default-arg","locations":[{"start":{"line":19,"column":22},"end":{"line":19,"column":27}}]},"1":{"loc":{"start":{"line":20,"column":4},"end":{"line":20,"column":28}},"type":"default-arg","locations":[{"start":{"line":20,"column":24},"end":{"line":20,"column":28}}]},"2":{"loc":{"start":{"line":21,"column":4},"end":{"line":21,"column":26}},"type":"default-arg","locations":[{"start":{"line":21,"column":21},"end":{"line":21,"column":26}}]},"3":{"loc":{"start":{"line":40,"column":4},"end":{"line":40,"column":27}},"type":"if","locations":[{"start":{"line":40,"column":4},"end":{"line":40,"column":27}}]},"4":{"loc":{"start":{"line":41,"column":4},"end":{"line":41,"column":30}},"type":"if","locations":[{"start":{"line":41,"column":4},"end":{"line":41,"column":30}}]},"5":{"loc":{"start":{"line":42,"column":4},"end":{"line":42,"column":28}},"type":"if","locations":[{"start":{"line":42,"column":4},"end":{"line":42,"column":28}}]}},"s":{"0":29,"1":2,"2":2,"3":2,"4":2,"5":2,"6":0,"7":2,"8":1,"9":2,"10":1,"11":2,"12":2,"13":2,"14":8,"15":2,"16":2,"17":2,"18":4},"f":{"0":29,"1":2},"b":{"0":[0],"1":[0],"2":[0],"3":[0],"4":[1],"5":[1]}}
,"/Users/nme/Workspace/z21-client/src/controllers/EngineController.ts": {"path":"/Users/nme/Workspace/z21-client/src/controllers/EngineController.ts","statementMap":{"0":{"start":{"line":8,"column":4},"end":{"line":8,"column":31}},"1":{"start":{"line":18,"column":18},"end":{"line":18,"column":39}},"2":{"start":{"line":19,"column":20},"end":{"line":19,"column":34}},"3":{"start":{"line":22,"column":4},"end":{"line":24,"column":5}},"4":{"start":{"line":23,"column":6},"end":{"line":23,"column":31}},"5":{"start":{"line":27,"column":27},"end":{"line":27,"column":57}},"6":{"start":{"line":30,"column":14},"end":{"line":30,"column":15}},"7":{"start":{"line":31,"column":4},"end":{"line":31,"column":51}},"8":{"start":{"line":31,"column":39},"end":{"line":31,"column":51}},"9":{"start":{"line":32,"column":4},"end":{"line":32,"column":29}},"10":{"start":{"line":35,"column":20},"end":{"line":35,"column":51}},"11":{"start":{"line":37,"column":4},"end":{"line":37,"column":46}},"12":{"start":{"line":48,"column":18},"end":{"line":48,"column":32}},"13":{"start":{"line":49,"column":18},"end":{"line":49,"column":39}},"14":{"start":{"line":50,"column":25},"end":{"line":50,"column":46}},"15":{"start":{"line":51,"column":22},"end":{"line":51,"column":51}},"16":{"start":{"line":53,"column":16},"end":{"line":53,"column":20}},"17":{"start":{"line":54,"column":4},"end":{"line":58,"column":5}},"18":{"start":{"line":55,"column":6},"end":{"line":55,"column":19}},"19":{"start":{"line":56,"column":11},"end":{"line":58,"column":5}},"20":{"start":{"line":57,"column":6},"end":{"line":57,"column":19}},"21":{"start":{"line":61,"column":25},"end":{"line":61,"column":63}},"22":{"start":{"line":64,"column":14},"end":{"line":64,"column":15}},"23":{"start":{"line":65,"column":4},"end":{"line":67,"column":5}},"24":{"start":{"line":66,"column":6},"end":{"line":66,"column":18}},"25":{"start":{"line":68,"column":4},"end":{"line":68,"column":29}},"26":{"start":{"line":71,"column":20},"end":{"line":71,"column":51}},"27":{"start":{"line":74,"column":4},"end":{"line":74,"column":40}},"28":{"start":{"line":85,"column":18},"end":{"line":85,"column":32}},"29":{"start":{"line":86,"column":18},"end":{"line":86,"column":39}},"30":{"start":{"line":89,"column":23},"end":{"line":89,"column":27}},"31":{"start":{"line":90,"column":4},"end":{"line":92,"column":5}},"32":{"start":{"line":91,"column":6},"end":{"line":91,"column":65}},"33":{"start":{"line":95,"column":4},"end":{"line":107,"column":5}},"34":{"start":{"line":97,"column":8},"end":{"line":97,"column":28}},"35":{"start":{"line":98,"column":8},"end":{"line":98,"column":14}},"36":{"start":{"line":100,"column":8},"end":{"line":100,"column":28}},"37":{"start":{"line":101,"column":8},"end":{"line":101,"column":14}},"38":{"start":{"line":103,"column":8},"end":{"line":103,"column":28}},"39":{"start":{"line":104,"column":8},"end":{"line":104,"column":14}},"40":{"start":{"line":106,"column":8},"end":{"line":106,"column":65}},"41":{"start":{"line":110,"column":4},"end":{"line":110,"column":48}},"42":{"start":{"line":115,"column":20},"end":{"line":115,"column":72}},"43":{"start":{"line":116,"column":4},"end":{"line":116,"column":46}},"44":{"start":{"line":124,"column":4},"end":{"line":154,"column":7}},"45":{"start":{"line":126,"column":21},"end":{"line":126,"column":27}},"46":{"start":{"line":127,"column":20},"end":{"line":127,"column":40}},"47":{"start":{"line":128,"column":20},"end":{"line":128,"column":33}},"48":{"start":{"line":131,"column":29},"end":{"line":131,"column":55}},"49":{"start":{"line":133,"column":16},"end":{"line":133,"column":17}},"50":{"start":{"line":134,"column":6},"end":{"line":134,"column":53}},"51":{"start":{"line":134,"column":41},"end":{"line":134,"column":53}},"52":{"start":{"line":135,"column":6},"end":{"line":135,"column":31}},"53":{"start":{"line":138,"column":22},"end":{"line":138,"column":53}},"54":{"start":{"line":140,"column":6},"end":{"line":140,"column":42}},"55":{"start":{"line":142,"column":6},"end":{"line":146,"column":9}},"56":{"start":{"line":143,"column":8},"end":{"line":145,"column":9}},"57":{"start":{"line":144,"column":10},"end":{"line":144,"column":23}},"58":{"start":{"line":148,"column":6},"end":{"line":152,"column":9}},"59":{"start":{"line":149,"column":8},"end":{"line":151,"column":9}},"60":{"start":{"line":150,"column":10},"end":{"line":150,"column":22}},"61":{"start":{"line":166,"column":4},"end":{"line":196,"column":7}},"62":{"start":{"line":168,"column":21},"end":{"line":168,"column":27}},"63":{"start":{"line":169,"column":20},"end":{"line":169,"column":40}},"64":{"start":{"line":170,"column":20},"end":{"line":170,"column":33}},"65":{"start":{"line":173,"column":29},"end":{"line":173,"column":62}},"66":{"start":{"line":176,"column":16},"end":{"line":176,"column":17}},"67":{"start":{"line":177,"column":6},"end":{"line":177,"column":53}},"68":{"start":{"line":177,"column":41},"end":{"line":177,"column":53}},"69":{"start":{"line":178,"column":6},"end":{"line":178,"column":31}},"70":{"start":{"line":181,"column":22},"end":{"line":181,"column":53}},"71":{"start":{"line":183,"column":6},"end":{"line":183,"column":42}},"72":{"start":{"line":185,"column":6},"end":{"line":189,"column":9}},"73":{"start":{"line":186,"column":8},"end":{"line":188,"column":9}},"74":{"start":{"line":187,"column":10},"end":{"line":187,"column":23}},"75":{"start":{"line":191,"column":6},"end":{"line":195,"column":9}},"76":{"start":{"line":192,"column":8},"end":{"line":194,"column":9}},"77":{"start":{"line":193,"column":10},"end":{"line":193,"column":22}},"78":{"start":{"line":4,"column":0},"end":{"line":4,"column":13}}},"fnMap":{"0":{"name":"(anonymous_0)","decl":{"start":{"line":7,"column":2},"end":{"line":7,"column":14}},"loc":{"start":{"line":7,"column":40},"end":{"line":9,"column":3}}},"1":{"name":"(anonymous_1)","decl":{"start":{"line":15,"column":9},"end":{"line":15,"column":14}},"loc":{"start":{"line":15,"column":44},"end":{"line":38,"column":3}}},"2":{"name":"(anonymous_2)","decl":{"start":{"line":46,"column":2},"end":{"line":46,"column":16}},"loc":{"start":{"line":46,"column":97},"end":{"line":75,"column":3}}},"3":{"name":"(anonymous_3)","decl":{"start":{"line":83,"column":9},"end":{"line":83,"column":14}},"loc":{"start":{"line":83,"column":88},"end":{"line":117,"column":3}}},"4":{"name":"(anonymous_4)","decl":{"start":{"line":123,"column":9},"end":{"line":123,"column":14}},"loc":{"start":{"line":123,"column":32},"end":{"line":158,"column":3}}},"5":{"name":"(anonymous_5)","decl":{"start":{"line":124,"column":23},"end":{"line":124,"column":24}},"loc":{"start":{"line":124,"column":43},"end":{"line":154,"column":5}}},"6":{"name":"(anonymous_6)","decl":{"start":{"line":142,"column":36},"end":{"line":142,"column":37}},"loc":{"start":{"line":142,"column":44},"end":{"line":146,"column":7}}},"7":{"name":"(anonymous_7)","decl":{"start":{"line":148,"column":33},"end":{"line":148,"column":34}},"loc":{"start":{"line":148,"column":41},"end":{"line":152,"column":7}}},"8":{"name":"(anonymous_8)","decl":{"start":{"line":165,"column":9},"end":{"line":165,"column":14}},"loc":{"start":{"line":165,"column":48},"end":{"line":200,"column":3}}},"9":{"name":"(anonymous_9)","decl":{"start":{"line":166,"column":23},"end":{"line":166,"column":24}},"loc":{"start":{"line":166,"column":43},"end":{"line":196,"column":5}}},"10":{"name":"(anonymous_10)","decl":{"start":{"line":185,"column":36},"end":{"line":185,"column":37}},"loc":{"start":{"line":185,"column":44},"end":{"line":189,"column":7}}},"11":{"name":"(anonymous_11)","decl":{"start":{"line":191,"column":33},"end":{"line":191,"column":34}},"loc":{"start":{"line":191,"column":41},"end":{"line":195,"column":7}}}},"branchMap":{"0":{"loc":{"start":{"line":22,"column":4},"end":{"line":24,"column":5}},"type":"if","locations":[{"start":{"line":22,"column":4},"end":{"line":24,"column":5}}]},"1":{"loc":{"start":{"line":46,"column":67},"end":{"line":46,"column":97}},"type":"default-arg","locations":[{"start":{"line":46,"column":94},"end":{"line":46,"column":97}}]},"2":{"loc":{"start":{"line":50,"column":25},"end":{"line":50,"column":46}},"type":"cond-expr","locations":[{"start":{"line":50,"column":35},"end":{"line":50,"column":39}},{"start":{"line":50,"column":42},"end":{"line":50,"column":46}}]},"3":{"loc":{"start":{"line":54,"column":4},"end":{"line":58,"column":5}},"type":"if","locations":[{"start":{"line":54,"column":4},"end":{"line":58,"column":5}},{"start":{"line":56,"column":11},"end":{"line":58,"column":5}}]},"4":{"loc":{"start":{"line":56,"column":11},"end":{"line":58,"column":5}},"type":"if","locations":[{"start":{"line":56,"column":11},"end":{"line":58,"column":5}}]},"5":{"loc":{"start":{"line":90,"column":4},"end":{"line":92,"column":5}},"type":"if","locations":[{"start":{"line":90,"column":4},"end":{"line":92,"column":5}}]},"6":{"loc":{"start":{"line":90,"column":8},"end":{"line":90,"column":49}},"type":"binary-expr","locations":[{"start":{"line":90,"column":8},"end":{"line":90,"column":26}},{"start":{"line":90,"column":30},"end":{"line":90,"column":49}}]},"7":{"loc":{"start":{"line":95,"column":4},"end":{"line":107,"column":5}},"type":"switch","locations":[{"start":{"line":96,"column":6},"end":{"line":98,"column":14}},{"start":{"line":99,"column":6},"end":{"line":101,"column":14}},{"start":{"line":102,"column":6},"end":{"line":104,"column":14}},{"start":{"line":105,"column":6},"end":{"line":106,"column":65}}]},"8":{"loc":{"start":{"line":143,"column":8},"end":{"line":145,"column":9}},"type":"if","locations":[{"start":{"line":143,"column":8},"end":{"line":145,"column":9}}]},"9":{"loc":{"start":{"line":149,"column":8},"end":{"line":151,"column":9}},"type":"if","locations":[{"start":{"line":149,"column":8},"end":{"line":151,"column":9}}]},"10":{"loc":{"start":{"line":149,"column":12},"end":{"line":149,"column":57}},"type":"binary-expr","locations":[{"start":{"line":149,"column":12},"end":{"line":149,"column":31}},{"start":{"line":149,"column":35},"end":{"line":149,"column":57}}]},"11":{"loc":{"start":{"line":186,"column":8},"end":{"line":188,"column":9}},"type":"if","locations":[{"start":{"line":186,"column":8},"end":{"line":188,"column":9}}]},"12":{"loc":{"start":{"line":192,"column":8},"end":{"line":194,"column":9}},"type":"if","locations":[{"start":{"line":192,"column":8},"end":{"line":194,"column":9}}]},"13":{"loc":{"start":{"line":192,"column":12},"end":{"line":192,"column":57}},"type":"binary-expr","locations":[{"start":{"line":192,"column":12},"end":{"line":192,"column":31}},{"start":{"line":192,"column":35},"end":{"line":192,"column":57}}]}},"s":{"0":29,"1":1,"2":1,"3":1,"4":1,"5":1,"6":1,"7":1,"8":4,"9":1,"10":1,"11":1,"12":4,"13":4,"14":4,"15":4,"16":4,"17":4,"18":1,"19":3,"20":1,"21":4,"22":4,"23":4,"24":20,"25":4,"26":4,"27":4,"28":7,"29":7,"30":7,"31":7,"32":2,"33":5,"34":2,"35":2,"36":1,"37":1,"38":1,"39":1,"40":1,"41":4,"42":4,"43":4,"44":2,"45":2,"46":2,"47":2,"48":2,"49":2,"50":2,"51":8,"52":2,"53":2,"54":2,"55":2,"56":1,"57":1,"58":2,"59":1,"60":1,"61":2,"62":2,"63":2,"64":2,"65":2,"66":2,"67":2,"68":10,"69":2,"70":2,"71":2,"72":2,"73":1,"74":1,"75":2,"76":1,"77":1,"78":4},"f":{"0":29,"1":1,"2":4,"3":7,"4":2,"5":2,"6":1,"7":1,"8":2,"9":2,"10":1,"11":1},"b":{"0":[1],"1":[2],"2":[4,0],"3":[1,3],"4":[1],"5":[2],"6":[7,6],"7":[2,1,1,1],"8":[1],"9":[1],"10":[1,0],"11":[1],"12":[1],"13":[1,0]}}
,"/Users/nme/Workspace/z21-client/src/controllers/SystemController.ts": {"path":"/Users/nme/Workspace/z21-client/src/controllers/SystemController.ts","statementMap":{"0":{"start":{"line":2,"column":0},"end":{"line":2,"column":42}},"1":{"start":{"line":8,"column":4},"end":{"line":8,"column":31}},"2":{"start":{"line":18,"column":16},"end":{"line":18,"column":17}},"3":{"start":{"line":19,"column":4},"end":{"line":19,"column":30}},"4":{"start":{"line":19,"column":16},"end":{"line":19,"column":30}},"5":{"start":{"line":20,"column":4},"end":{"line":20,"column":33}},"6":{"start":{"line":20,"column":19},"end":{"line":20,"column":33}},"7":{"start":{"line":21,"column":4},"end":{"line":21,"column":32}},"8":{"start":{"line":21,"column":18},"end":{"line":21,"column":32}},"9":{"start":{"line":24,"column":20},"end":{"line":27,"column":6}},"10":{"start":{"line":29,"column":4},"end":{"line":29,"column":46}},"11":{"start":{"line":35,"column":4},"end":{"line":35,"column":69}},"12":{"start":{"line":40,"column":4},"end":{"line":40,"column":71}},"13":{"start":{"line":45,"column":4},"end":{"line":45,"column":64}},"14":{"start":{"line":50,"column":4},"end":{"line":50,"column":68}},"15":{"start":{"line":55,"column":4},"end":{"line":55,"column":69}},"16":{"start":{"line":60,"column":4},"end":{"line":60,"column":62}},"17":{"start":{"line":66,"column":4},"end":{"line":66,"column":58}},"18":{"start":{"line":67,"column":4},"end":{"line":67,"column":20}},"19":{"start":{"line":71,"column":4},"end":{"line":71,"column":61}},"20":{"start":{"line":71,"column":36},"end":{"line":71,"column":59}},"21":{"start":{"line":4,"column":0},"end":{"line":4,"column":13}}},"fnMap":{"0":{"name":"(anonymous_0)","decl":{"start":{"line":7,"column":2},"end":{"line":7,"column":14}},"loc":{"start":{"line":7,"column":40},"end":{"line":9,"column":3}}},"1":{"name":"(anonymous_1)","decl":{"start":{"line":13,"column":9},"end":{"line":13,"column":14}},"loc":{"start":{"line":16,"column":28},"end":{"line":30,"column":3}}},"2":{"name":"(anonymous_2)","decl":{"start":{"line":34,"column":9},"end":{"line":34,"column":14}},"loc":{"start":{"line":34,"column":30},"end":{"line":36,"column":3}}},"3":{"name":"(anonymous_3)","decl":{"start":{"line":39,"column":9},"end":{"line":39,"column":14}},"loc":{"start":{"line":39,"column":32},"end":{"line":41,"column":3}}},"4":{"name":"(anonymous_4)","decl":{"start":{"line":44,"column":9},"end":{"line":44,"column":14}},"loc":{"start":{"line":44,"column":24},"end":{"line":46,"column":3}}},"5":{"name":"(anonymous_5)","decl":{"start":{"line":49,"column":9},"end":{"line":49,"column":14}},"loc":{"start":{"line":49,"column":30},"end":{"line":51,"column":3}}},"6":{"name":"(anonymous_6)","decl":{"start":{"line":54,"column":9},"end":{"line":54,"column":14}},"loc":{"start":{"line":54,"column":31},"end":{"line":56,"column":3}}},"7":{"name":"(anonymous_7)","decl":{"start":{"line":59,"column":9},"end":{"line":59,"column":14}},"loc":{"start":{"line":59,"column":28},"end":{"line":61,"column":3}}},"8":{"name":"(anonymous_8)","decl":{"start":{"line":65,"column":9},"end":{"line":65,"column":14}},"loc":{"start":{"line":65,"column":21},"end":{"line":68,"column":3}}},"9":{"name":"(anonymous_9)","decl":{"start":{"line":70,"column":9},"end":{"line":70,"column":14}},"loc":{"start":{"line":70,"column":31},"end":{"line":72,"column":3}}},"10":{"name":"(anonymous_10)","decl":{"start":{"line":71,"column":23},"end":{"line":71,"column":24}},"loc":{"start":{"line":71,"column":36},"end":{"line":71,"column":59}}}},"branchMap":{"0":{"loc":{"start":{"line":14,"column":4},"end":{"line":14,"column":26}},"type":"default-arg","locations":[{"start":{"line":14,"column":22},"end":{"line":14,"column":26}}]},"1":{"loc":{"start":{"line":15,"column":4},"end":{"line":15,"column":29}},"type":"default-arg","locations":[{"start":{"line":15,"column":25},"end":{"line":15,"column":29}}]},"2":{"loc":{"start":{"line":16,"column":4},"end":{"line":16,"column":28}},"type":"default-arg","locations":[{"start":{"line":16,"column":24},"end":{"line":16,"column":28}}]},"3":{"loc":{"start":{"line":19,"column":4},"end":{"line":19,"column":30}},"type":"if","locations":[{"start":{"line":19,"column":4},"end":{"line":19,"column":30}}]},"4":{"loc":{"start":{"line":20,"column":4},"end":{"line":20,"column":33}},"type":"if","locations":[{"start":{"line":20,"column":4},"end":{"line":20,"column":33}}]},"5":{"loc":{"start":{"line":21,"column":4},"end":{"line":21,"column":32}},"type":"if","locations":[{"start":{"line":21,"column":4},"end":{"line":21,"column":32}}]}},"s":{"0":4,"1":29,"2":1,"3":1,"4":1,"5":1,"6":1,"7":1,"8":1,"9":1,"10":1,"11":1,"12":1,"13":1,"14":1,"15":1,"16":1,"17":1,"18":1,"19":1,"20":1,"21":4},"f":{"0":29,"1":1,"2":1,"3":1,"4":1,"5":1,"6":1,"7":1,"8":1,"9":1,"10":1},"b":{"0":[0],"1":[0],"2":[0],"3":[1],"4":[1],"5":[1]}}
,"/Users/nme/Workspace/z21-client/src/parsers/commandStationStatus.ts": {"path":"/Users/nme/Workspace/z21-client/src/parsers/commandStationStatus.ts","statementMap":{"0":{"start":{"line":1,"column":13},"end":{"line":6,"column":11}}},"fnMap":{},"branchMap":{},"s":{"0":5},"f":{},"b":{}}
,"/Users/nme/Workspace/z21-client/src/parsers/feedbackParser.ts": {"path":"/Users/nme/Workspace/z21-client/src/parsers/feedbackParser.ts","statementMap":{"0":{"start":{"line":1,"column":0},"end":{"line":1,"column":42}},"1":{"start":{"line":2,"column":0},"end":{"line":2,"column":40}},"2":{"start":{"line":10,"column":4},"end":{"line":10,"column":37}},"3":{"start":{"line":11,"column":4},"end":{"line":11,"column":39}},"4":{"start":{"line":15,"column":4},"end":{"line":23,"column":5}},"5":{"start":{"line":16,"column":6},"end":{"line":22,"column":8}},"6":{"start":{"line":26,"column":27},"end":{"line":26,"column":50}},"7":{"start":{"line":27,"column":4},"end":{"line":35,"column":5}},"8":{"start":{"line":28,"column":6},"end":{"line":34,"column":8}},"9":{"start":{"line":38,"column":17},"end":{"line":38,"column":49}},"10":{"start":{"line":40,"column":4},"end":{"line":46,"column":5}},"11":{"start":{"line":42,"column":6},"end":{"line":42,"column":66}},"12":{"start":{"line":43,"column":11},"end":{"line":46,"column":5}},"13":{"start":{"line":45,"column":6},"end":{"line":45,"column":61}},"14":{"start":{"line":48,"column":4},"end":{"line":48,"column":16}},"15":{"start":{"line":5,"column":0},"end":{"line":5,"column":13}}},"fnMap":{"0":{"name":"(anonymous_0)","decl":{"start":{"line":9,"column":2},"end":{"line":9,"column":null}},"loc":{"start":{"line":9,"column":2},"end":{"line":12,"column":3}}},"1":{"name":"(anonymous_1)","decl":{"start":{"line":14,"column":9},"end":{"line":14,"column":14}},"loc":{"start":{"line":14,"column":30},"end":{"line":49,"column":3}}}},"branchMap":{"0":{"loc":{"start":{"line":15,"column":4},"end":{"line":23,"column":5}},"type":"if","locations":[{"start":{"line":15,"column":4},"end":{"line":23,"column":5}}]},"1":{"loc":{"start":{"line":15,"column":8},"end":{"line":15,"column":55}},"type":"binary-expr","locations":[{"start":{"line":15,"column":8},"end":{"line":15,"column":33}},{"start":{"line":15,"column":37},"end":{"line":15,"column":55}}]},"2":{"loc":{"start":{"line":27,"column":4},"end":{"line":35,"column":5}},"type":"if","locations":[{"start":{"line":27,"column":4},"end":{"line":35,"column":5}}]},"3":{"loc":{"start":{"line":40,"column":4},"end":{"line":46,"column":5}},"type":"if","locations":[{"start":{"line":40,"column":4},"end":{"line":46,"column":5}},{"start":{"line":43,"column":11},"end":{"line":46,"column":5}}]},"4":{"loc":{"start":{"line":43,"column":11},"end":{"line":46,"column":5}},"type":"if","locations":[{"start":{"line":43,"column":11},"end":{"line":46,"column":5}}]},"5":{"loc":{"start":{"line":43,"column":15},"end":{"line":43,"column":51}},"type":"binary-expr","locations":[{"start":{"line":43,"column":15},"end":{"line":43,"column":31}},{"start":{"line":43,"column":35},"end":{"line":43,"column":51}}]}},"s":{"0":5,"1":5,"2":25,"3":25,"4":25,"5":1,"6":24,"7":24,"8":1,"9":23,"10":23,"11":18,"12":5,"13":4,"14":1,"15":5},"f":{"0":25,"1":25},"b":{"0":[1],"1":[25,25],"2":[1],"3":[18,5],"4":[4],"5":[5,3]}}
,"/Users/nme/Workspace/z21-client/src/parsers/lanParser.ts": {"path":"/Users/nme/Workspace/z21-client/src/parsers/lanParser.ts","statementMap":{"0":{"start":{"line":12,"column":4},"end":{"line":40,"column":5}},"1":{"start":{"line":14,"column":8},"end":{"line":20,"column":9}},"2":{"start":{"line":15,"column":31},"end":{"line":15,"column":54}},"3":{"start":{"line":16,"column":10},"end":{"line":16,"column":83}},"4":{"start":{"line":18,"column":10},"end":{"line":18,"column":74}},"5":{"start":{"line":19,"column":10},"end":{"line":19,"column":22}},"6":{"start":{"line":23,"column":8},"end":{"line":37,"column":9}},"7":{"start":{"line":24,"column":24},"end":{"line":24,"column":47}},"8":{"start":{"line":25,"column":10},"end":{"line":33,"column":12}},"9":{"start":{"line":35,"column":10},"end":{"line":35,"column":80}},"10":{"start":{"line":36,"column":10},"end":{"line":36,"column":22}},"11":{"start":{"line":39,"column":8},"end":{"line":39,"column":20}},"12":{"start":{"line":3,"column":0},"end":{"line":3,"column":13}}},"fnMap":{"0":{"name":"(anonymous_0)","decl":{"start":{"line":11,"column":9},"end":{"line":11,"column":14}},"loc":{"start":{"line":11,"column":46},"end":{"line":41,"column":3}}}},"branchMap":{"0":{"loc":{"start":{"line":12,"column":4},"end":{"line":40,"column":5}},"type":"switch","locations":[{"start":{"line":13,"column":6},"end":{"line":20,"column":9}},{"start":{"line":22,"column":6},"end":{"line":37,"column":9}},{"start":{"line":38,"column":6},"end":{"line":39,"column":20}}]},"1":{"loc":{"start":{"line":14,"column":8},"end":{"line":20,"column":9}},"type":"if","locations":[{"start":{"line":14,"column":8},"end":{"line":20,"column":9}},{"start":{"line":17,"column":15},"end":{"line":20,"column":9}}]},"2":{"loc":{"start":{"line":23,"column":8},"end":{"line":37,"column":9}},"type":"if","locations":[{"start":{"line":23,"column":8},"end":{"line":37,"column":9}},{"start":{"line":34,"column":15},"end":{"line":37,"column":9}}]}},"s":{"0":4,"1":2,"2":1,"3":1,"4":1,"5":1,"6":2,"7":1,"8":1,"9":1,"10":1,"11":0,"12":5},"f":{"0":4},"b":{"0":[2,2,0],"1":[1,1],"2":[1,1]}}
,"/Users/nme/Workspace/z21-client/src/parsers/lanXParser.ts": {"path":"/Users/nme/Workspace/z21-client/src/parsers/lanXParser.ts","statementMap":{"0":{"start":{"line":1,"column":0},"end":{"line":1,"column":51}},"1":{"start":{"line":2,"column":0},"end":{"line":2,"column":51}},"2":{"start":{"line":13,"column":19},"end":{"line":13,"column":29}},"3":{"start":{"line":15,"column":4},"end":{"line":72,"column":5}},"4":{"start":{"line":17,"column":8},"end":{"line":26,"column":9}},"5":{"start":{"line":18,"column":57},"end":{"line":23,"column":12}},"6":{"start":{"line":24,"column":25},"end":{"line":24,"column":66}},"7":{"start":{"line":25,"column":10},"end":{"line":25,"column":51}},"8":{"start":{"line":27,"column":8},"end":{"line":27,"column":14}},"9":{"start":{"line":30,"column":8},"end":{"line":56,"column":9}},"10":{"start":{"line":32,"column":12},"end":{"line":32,"column":56}},"11":{"start":{"line":34,"column":12},"end":{"line":34,"column":55}},"12":{"start":{"line":36,"column":12},"end":{"line":36,"column":64}},"13":{"start":{"line":38,"column":12},"end":{"line":38,"column":63}},"14":{"start":{"line":40,"column":12},"end":{"line":45,"column":14}},"15":{"start":{"line":47,"column":12},"end":{"line":52,"column":14}},"16":{"start":{"line":54,"column":12},"end":{"line":54,"column":96}},"17":{"start":{"line":55,"column":12},"end":{"line":55,"column":67}},"18":{"start":{"line":59,"column":8},"end":{"line":61,"column":9}},"19":{"start":{"line":60,"column":10},"end":{"line":60,"column":39}},"20":{"start":{"line":62,"column":8},"end":{"line":62,"column":14}},"21":{"start":{"line":64,"column":8},"end":{"line":64,"column":58}},"22":{"start":{"line":67,"column":8},"end":{"line":67,"column":57}},"23":{"start":{"line":70,"column":8},"end":{"line":70,"column":80}},"24":{"start":{"line":71,"column":8},"end":{"line":71,"column":20}},"25":{"start":{"line":74,"column":4},"end":{"line":74,"column":16}},"26":{"start":{"line":78,"column":19},"end":{"line":78,"column":36}},"27":{"start":{"line":79,"column":19},"end":{"line":79,"column":29}},"28":{"start":{"line":80,"column":27},"end":{"line":80,"column":55}},"29":{"start":{"line":82,"column":26},"end":{"line":82,"column":43}},"30":{"start":{"line":84,"column":4},"end":{"line":96,"column":5}},"31":{"start":{"line":86,"column":8},"end":{"line":86,"column":34}},"32":{"start":{"line":87,"column":8},"end":{"line":87,"column":14}},"33":{"start":{"line":89,"column":8},"end":{"line":89,"column":24}},"34":{"start":{"line":90,"column":8},"end":{"line":90,"column":14}},"35":{"start":{"line":92,"column":8},"end":{"line":92,"column":24}},"36":{"start":{"line":93,"column":8},"end":{"line":93,"column":14}},"37":{"start":{"line":95,"column":8},"end":{"line":95,"column":29}},"38":{"start":{"line":98,"column":4},"end":{"line":98,"column":83}},"39":{"start":{"line":102,"column":19},"end":{"line":102,"column":36}},"40":{"start":{"line":103,"column":19},"end":{"line":103,"column":29}},"41":{"start":{"line":104,"column":26},"end":{"line":104,"column":48}},"42":{"start":{"line":106,"column":16},"end":{"line":106,"column":26}},"43":{"start":{"line":107,"column":17},"end":{"line":107,"column":41}},"44":{"start":{"line":108,"column":16},"end":{"line":108,"column":32}},"45":{"start":{"line":111,"column":4},"end":{"line":123,"column":5}},"46":{"start":{"line":113,"column":8},"end":{"line":113,"column":24}},"47":{"start":{"line":114,"column":8},"end":{"line":114,"column":14}},"48":{"start":{"line":116,"column":8},"end":{"line":116,"column":24}},"49":{"start":{"line":117,"column":8},"end":{"line":117,"column":14}},"50":{"start":{"line":119,"column":8},"end":{"line":119,"column":25}},"51":{"start":{"line":120,"column":8},"end":{"line":120,"column":14}},"52":{"start":{"line":122,"column":8},"end":{"line":122,"column":31}},"53":{"start":{"line":125,"column":16},"end":{"line":125,"column":26}},"54":{"start":{"line":126,"column":22},"end":{"line":126,"column":58}},"55":{"start":{"line":127,"column":18},"end":{"line":127,"column":28}},"56":{"start":{"line":129,"column":16},"end":{"line":129,"column":26}},"57":{"start":{"line":130,"column":27},"end":{"line":130,"column":51}},"58":{"start":{"line":131,"column":47},"end":{"line":137,"column":6}},"59":{"start":{"line":139,"column":4},"end":{"line":141,"column":5}},"60":{"start":{"line":140,"column":6},"end":{"line":140,"column":89}},"61":{"start":{"line":140,"column":19},"end":{"line":140,"column":20}},"62":{"start":{"line":140,"column":34},"end":{"line":140,"column":89}},"63":{"start":{"line":142,"column":4},"end":{"line":144,"column":5}},"64":{"start":{"line":143,"column":6},"end":{"line":143,"column":90}},"65":{"start":{"line":143,"column":19},"end":{"line":143,"column":20}},"66":{"start":{"line":143,"column":34},"end":{"line":143,"column":90}},"67":{"start":{"line":145,"column":4},"end":{"line":147,"column":5}},"68":{"start":{"line":146,"column":6},"end":{"line":146,"column":90}},"69":{"start":{"line":146,"column":19},"end":{"line":146,"column":20}},"70":{"start":{"line":146,"column":34},"end":{"line":146,"column":90}},"71":{"start":{"line":148,"column":4},"end":{"line":150,"column":5}},"72":{"start":{"line":149,"column":6},"end":{"line":149,"column":90}},"73":{"start":{"line":149,"column":19},"end":{"line":149,"column":20}},"74":{"start":{"line":149,"column":34},"end":{"line":149,"column":90}},"75":{"start":{"line":152,"column":4},"end":{"line":163,"column":6}},"76":{"start":{"line":168,"column":18},"end":{"line":168,"column":28}},"77":{"start":{"line":169,"column":18},"end":{"line":169,"column":28}},"78":{"start":{"line":170,"column":18},"end":{"line":170,"column":28}},"79":{"start":{"line":171,"column":22},"end":{"line":171,"column":42}},"80":{"start":{"line":173,"column":4},"end":{"line":179,"column":6}},"81":{"start":{"line":11,"column":0},"end":{"line":11,"column":13}}},"fnMap":{"0":{"name":"(anonymous_0)","decl":{"start":{"line":12,"column":9},"end":{"line":12,"column":14}},"loc":{"start":{"line":12,"column":30},"end":{"line":75,"column":3}}},"1":{"name":"(anonymous_1)","decl":{"start":{"line":77,"column":10},"end":{"line":77,"column":26}},"loc":{"start":{"line":77,"column":42},"end":{"line":99,"column":3}}},"2":{"name":"(anonymous_2)","decl":{"start":{"line":101,"column":10},"end":{"line":101,"column":25}},"loc":{"start":{"line":101,"column":41},"end":{"line":164,"column":3}}},"3":{"name":"(anonymous_3)","decl":{"start":{"line":166,"column":10},"end":{"line":166,"column":17}},"loc":{"start":{"line":166,"column":33},"end":{"line":180,"column":3}}}},"branchMap":{"0":{"loc":{"start":{"line":15,"column":4},"end":{"line":72,"column":5}},"type":"switch","locations":[{"start":{"line":16,"column":6},"end":{"line":27,"column":14}},{"start":{"line":29,"column":6},"end":{"line":56,"column":9}},{"start":{"line":58,"column":6},"end":{"line":62,"column":14}},{"start":{"line":63,"column":6},"end":{"line":64,"column":58}},{"start":{"line":66,"column":6},"end":{"line":67,"column":57}},{"start":{"line":69,"column":6},"end":{"line":71,"column":20}}]},"1":{"loc":{"start":{"line":17,"column":8},"end":{"line":26,"column":9}},"type":"if","locations":[{"start":{"line":17,"column":8},"end":{"line":26,"column":9}}]},"2":{"loc":{"start":{"line":24,"column":25},"end":{"line":24,"column":66}},"type":"binary-expr","locations":[{"start":{"line":24,"column":25},"end":{"line":24,"column":46}},{"start":{"line":24,"column":50},"end":{"line":24,"column":66}}]},"3":{"loc":{"start":{"line":30,"column":8},"end":{"line":56,"column":9}},"type":"switch","locations":[{"start":{"line":31,"column":10},"end":{"line":32,"column":56}},{"start":{"line":33,"column":10},"end":{"line":34,"column":55}},{"start":{"line":35,"column":10},"end":{"line":36,"column":64}},{"start":{"line":37,"column":10},"end":{"line":38,"column":63}},{"start":{"line":39,"column":10},"end":{"line":45,"column":14}},{"start":{"line":46,"column":10},"end":{"line":52,"column":14}},{"start":{"line":53,"column":10},"end":{"line":55,"column":67}}]},"4":{"loc":{"start":{"line":59,"column":8},"end":{"line":61,"column":9}},"type":"if","locations":[{"start":{"line":59,"column":8},"end":{"line":61,"column":9}}]},"5":{"loc":{"start":{"line":84,"column":4},"end":{"line":96,"column":5}},"type":"switch","locations":[{"start":{"line":85,"column":6},"end":{"line":87,"column":14}},{"start":{"line":88,"column":6},"end":{"line":90,"column":14}},{"start":{"line":91,"column":6},"end":{"line":93,"column":14}},{"start":{"line":94,"column":6},"end":{"line":95,"column":29}}]},"6":{"loc":{"start":{"line":111,"column":4},"end":{"line":123,"column":5}},"type":"switch","locations":[{"start":{"line":112,"column":6},"end":{"line":114,"column":14}},{"start":{"line":115,"column":6},"end":{"line":117,"column":14}},{"start":{"line":118,"column":6},"end":{"line":120,"column":14}},{"start":{"line":121,"column":6},"end":{"line":122,"column":31}}]},"7":{"loc":{"start":{"line":126,"column":22},"end":{"line":126,"column":58}},"type":"cond-expr","locations":[{"start":{"line":126,"column":37},"end":{"line":126,"column":46}},{"start":{"line":126,"column":49},"end":{"line":126,"column":58}}]},"8":{"loc":{"start":{"line":139,"column":4},"end":{"line":141,"column":5}},"type":"if","locations":[{"start":{"line":139,"column":4},"end":{"line":141,"column":5}}]},"9":{"loc":{"start":{"line":142,"column":4},"end":{"line":144,"column":5}},"type":"if","locations":[{"start":{"line":142,"column":4},"end":{"line":144,"column":5}}]},"10":{"loc":{"start":{"line":145,"column":4},"end":{"line":147,"column":5}},"type":"if","locations":[{"start":{"line":145,"column":4},"end":{"line":147,"column":5}}]},"11":{"loc":{"start":{"line":148,"column":4},"end":{"line":150,"column":5}},"type":"if","locations":[{"start":{"line":148,"column":4},"end":{"line":150,"column":5}}]}},"s":{"0":5,"1":5,"2":18,"3":18,"4":5,"5":5,"6":5,"7":5,"8":0,"9":6,"10":1,"11":1,"12":1,"13":1,"14":1,"15":1,"16":0,"17":0,"18":2,"19":2,"20":0,"21":4,"22":1,"23":0,"24":0,"25":0,"26":4,"27":4,"28":4,"29":4,"30":4,"31":1,"32":1,"33":1,"34":1,"35":1,"36":1,"37":1,"38":4,"39":1,"40":1,"41":1,"42":1,"43":1,"44":1,"45":1,"46":0,"47":0,"48":0,"49":0,"50":1,"51":1,"52":0,"53":1,"54":1,"55":1,"56":1,"57":1,"58":1,"59":1,"60":1,"61":1,"62":8,"63":1,"64":1,"65":1,"66":8,"67":1,"68":1,"69":1,"70":8,"71":1,"72":1,"73":1,"74":3,"75":1,"76":2,"77":2,"78":2,"79":2,"80":2,"81":5},"f":{"0":18,"1":4,"2":1,"3":2},"b":{"0":[5,6,2,4,1,0],"1":[5],"2":[5,1],"3":[1,1,1,1,1,1,0],"4":[2],"5":[1,1,1,1],"6":[0,0,1,0],"7":[1,0],"8":[1],"9":[1],"10":[1],"11":[1]}}
,"/Users/nme/Workspace/z21-client/src/parsers/lanXReturnCodes.ts": {"path":"/Users/nme/Workspace/z21-client/src/parsers/lanXReturnCodes.ts","statementMap":{"0":{"start":{"line":1,"column":13},"end":{"line":8,"column":11}}},"fnMap":{},"branchMap":{},"s":{"0":5},"f":{},"b":{}}
,"/Users/nme/Workspace/z21-client/src/transport/Z21UdpTransport.ts": {"path":"/Users/nme/Workspace/z21-client/src/transport/Z21UdpTransport.ts","statementMap":{"0":{"start":{"line":1,"column":0},"end":{"line":1,"column":26}},"1":{"start":{"line":2,"column":0},"end":{"line":2,"column":38}},"2":{"start":{"line":14,"column":4},"end":{"line":14,"column":12}},"3":{"start":{"line":15,"column":4},"end":{"line":15,"column":21}},"4":{"start":{"line":16,"column":4},"end":{"line":16,"column":21}},"5":{"start":{"line":17,"column":4},"end":{"line":17,"column":23}},"6":{"start":{"line":18,"column":4},"end":{"line":18,"column":45}},"7":{"start":{"line":19,"column":4},"end":{"line":19,"column":41}},"8":{"start":{"line":22,"column":4},"end":{"line":22,"column":64}},"9":{"start":{"line":22,"column":39},"end":{"line":22,"column":62}},"10":{"start":{"line":25,"column":4},"end":{"line":29,"column":7}},"11":{"start":{"line":26,"column":6},"end":{"line":26,"column":72}},"12":{"start":{"line":27,"column":6},"end":{"line":27,"column":30}},"13":{"start":{"line":28,"column":6},"end":{"line":28,"column":19}},"14":{"start":{"line":31,"column":4},"end":{"line":33,"column":5}},"15":{"start":{"line":32,"column":6},"end":{"line":32,"column":44}},"16":{"start":{"line":42,"column":4},"end":{"line":44,"column":5}},"17":{"start":{"line":43,"column":6},"end":{"line":43,"column":30}},"18":{"start":{"line":46,"column":19},"end":{"line":46,"column":49}},"19":{"start":{"line":47,"column":4},"end":{"line":49,"column":5}},"20":{"start":{"line":48,"column":6},"end":{"line":48,"column":43}},"21":{"start":{"line":61,"column":19},"end":{"line":61,"column":37}},"22":{"start":{"line":62,"column":19},"end":{"line":62,"column":39}},"23":{"start":{"line":64,"column":4},"end":{"line":64,"column":36}},"24":{"start":{"line":65,"column":4},"end":{"line":67,"column":5}},"25":{"start":{"line":65,"column":17},"end":{"line":65,"column":18}},"26":{"start":{"line":66,"column":6},"end":{"line":66,"column":33}},"27":{"start":{"line":69,"column":4},"end":{"line":69,"column":18}},"28":{"start":{"line":77,"column":18},"end":{"line":77,"column":42}},"29":{"start":{"line":79,"column":4},"end":{"line":79,"column":23}},"30":{"start":{"line":81,"column":4},"end":{"line":81,"column":32}},"31":{"start":{"line":89,"column":4},"end":{"line":94,"column":7}},"32":{"start":{"line":90,"column":6},"end":{"line":93,"column":9}},"33":{"start":{"line":91,"column":8},"end":{"line":92,"column":23}},"34":{"start":{"line":91,"column":17},"end":{"line":91,"column":29}},"35":{"start":{"line":92,"column":13},"end":{"line":92,"column":23}},"36":{"start":{"line":98,"column":4},"end":{"line":98,"column":24}},"37":{"start":{"line":6,"column":0},"end":{"line":6,"column":13}}},"fnMap":{"0":{"name":"(anonymous_1)","decl":{"start":{"line":13,"column":2},"end":{"line":13,"column":14}},"loc":{"start":{"line":13,"column":104},"end":{"line":34,"column":3}}},"1":{"name":"(anonymous_2)","decl":{"start":{"line":22,"column":30},"end":{"line":22,"column":31}},"loc":{"start":{"line":22,"column":39},"end":{"line":22,"column":62}}},"2":{"name":"(anonymous_3)","decl":{"start":{"line":25,"column":28},"end":{"line":25,"column":29}},"loc":{"start":{"line":25,"column":36},"end":{"line":29,"column":5}}},"3":{"name":"(anonymous_4)","decl":{"start":{"line":40,"column":10},"end":{"line":40,"column":23}},"loc":{"start":{"line":40,"column":35},"end":{"line":51,"column":3}}},"4":{"name":"(anonymous_5)","decl":{"start":{"line":60,"column":10},"end":{"line":60,"column":20}},"loc":{"start":{"line":60,"column":38},"end":{"line":70,"column":3}}},"5":{"name":"(anonymous_6)","decl":{"start":{"line":76,"column":9},"end":{"line":76,"column":14}},"loc":{"start":{"line":76,"column":44},"end":{"line":82,"column":3}}},"6":{"name":"(anonymous_7)","decl":{"start":{"line":88,"column":10},"end":{"line":88,"column":19}},"loc":{"start":{"line":88,"column":33},"end":{"line":95,"column":3}}},"7":{"name":"(anonymous_8)","decl":{"start":{"line":89,"column":23},"end":{"line":89,"column":24}},"loc":{"start":{"line":89,"column":43},"end":{"line":94,"column":5}}},"8":{"name":"(anonymous_9)","decl":{"start":{"line":90,"column":52},"end":{"line":90,"column":53}},"loc":{"start":{"line":90,"column":60},"end":{"line":93,"column":7}}},"9":{"name":"(anonymous_10)","decl":{"start":{"line":97,"column":9},"end":{"line":97,"column":14}},"loc":{"start":{"line":97,"column":14},"end":{"line":99,"column":3}}}},"branchMap":{"0":{"loc":{"start":{"line":13,"column":28},"end":{"line":13,"column":48}},"type":"default-arg","locations":[{"start":{"line":13,"column":43},"end":{"line":13,"column":48}}]},"1":{"loc":{"start":{"line":13,"column":50},"end":{"line":13,"column":72}},"type":"default-arg","locations":[{"start":{"line":13,"column":67},"end":{"line":13,"column":72}}]},"2":{"loc":{"start":{"line":31,"column":4},"end":{"line":33,"column":5}},"type":"if","locations":[{"start":{"line":31,"column":4},"end":{"line":33,"column":5}}]},"3":{"loc":{"start":{"line":42,"column":4},"end":{"line":44,"column":5}},"type":"if","locations":[{"start":{"line":42,"column":4},"end":{"line":44,"column":5}}]},"4":{"loc":{"start":{"line":47,"column":4},"end":{"line":49,"column":5}},"type":"if","locations":[{"start":{"line":47,"column":4},"end":{"line":49,"column":5}}]},"5":{"loc":{"start":{"line":91,"column":8},"end":{"line":92,"column":23}},"type":"if","locations":[{"start":{"line":91,"column":8},"end":{"line":92,"column":23}},{"start":{"line":92,"column":13},"end":{"line":92,"column":23}}]}},"s":{"0":4,"1":4,"2":29,"3":29,"4":29,"5":29,"6":29,"7":29,"8":29,"9":5,"10":29,"11":1,"12":1,"13":1,"14":29,"15":1,"16":5,"17":0,"18":5,"19":5,"20":5,"21":23,"22":23,"23":23,"24":23,"25":23,"26":142,"27":23,"28":23,"29":23,"30":23,"31":23,"32":23,"33":23,"34":0,"35":23,"36":2,"37":4},"f":{"0":29,"1":5,"2":1,"3":5,"4":23,"5":23,"6":23,"7":23,"8":23,"9":2},"b":{"0":[0],"1":[0],"2":[1],"3":[0],"4":[5],"5":[0,23]}}
}
