TN:
SF:src/Z21Client.ts
FN:22,(anonymous_0)
FN:32,(anonymous_1)
FN:33,(anonymous_2)
FN:34,(anonymous_3)
FN:35,(anonymous_4)
FN:36,(anonymous_5)
FN:37,(anonymous_6)
FN:38,(anonymous_7)
FN:39,(anonymous_8)
FN:40,(anonymous_9)
FN:41,(anonymous_10)
FN:42,(anonymous_11)
FN:44,(anonymous_12)
FN:52,(anonymous_13)
FNF:14
FNH:5
FNDA:29,(anonymous_0)
FNDA:0,(anonymous_1)
FNDA:1,(anonymous_2)
FNDA:0,(anonymous_3)
FNDA:0,(anonymous_4)
FNDA:0,(anonymous_5)
FNDA:0,(anonymous_6)
FNDA:0,(anonymous_7)
FNDA:0,(anonymous_8)
FNDA:2,(anonymous_9)
FNDA:0,(anonymous_10)
FNDA:0,(anonymous_11)
FNDA:3,(anonymous_12)
FNDA:1,(anonymous_13)
DA:2,4
DA:3,4
DA:4,4
DA:5,4
DA:6,4
DA:7,4
DA:9,4
DA:23,29
DA:24,29
DA:27,29
DA:28,29
DA:29,29
DA:32,29
DA:33,29
DA:34,29
DA:35,29
DA:36,29
DA:37,29
DA:38,29
DA:39,29
DA:40,29
DA:41,29
DA:42,29
DA:44,29
DA:46,29
DA:47,1
DA:53,1
DA:54,1
LF:28
LH:28
BRDA:22,0,0,0
BRDA:22,1,0,28
BRDA:46,2,0,1
BRF:3
BRH:2
end_of_record
TN:
SF:src/Z21Commands.ts
FNF:0
FNH:0
DA:4,4
LF:1
LH:1
BRF:0
BRH:0
end_of_record
TN:
SF:src/controllers/AccessoryController.ts
FN:6,(anonymous_0)
FN:17,(anonymous_1)
FNF:2
FNH:2
FNDA:29,(anonymous_0)
FNDA:2,(anonymous_1)
DA:3,4
DA:7,29
DA:24,2
DA:27,2
DA:28,2
DA:38,2
DA:40,2
DA:41,2
DA:42,2
DA:45,2
DA:48,2
DA:49,8
DA:50,2
DA:53,2
DA:55,2
LF:15
LH:15
BRDA:19,0,0,0
BRDA:20,1,0,0
BRDA:21,2,0,0
BRDA:40,3,0,0
BRDA:41,4,0,1
BRDA:42,5,0,1
BRF:6
BRH:2
end_of_record
TN:
SF:src/controllers/EngineController.ts
FN:7,(anonymous_0)
FN:15,(anonymous_1)
FN:46,(anonymous_2)
FN:83,(anonymous_3)
FN:123,(anonymous_4)
FN:124,(anonymous_5)
FN:142,(anonymous_6)
FN:148,(anonymous_7)
FN:165,(anonymous_8)
FN:166,(anonymous_9)
FN:185,(anonymous_10)
FN:191,(anonymous_11)
FNF:12
FNH:12
FNDA:29,(anonymous_0)
FNDA:1,(anonymous_1)
FNDA:4,(anonymous_2)
FNDA:7,(anonymous_3)
FNDA:2,(anonymous_4)
FNDA:2,(anonymous_5)
FNDA:1,(anonymous_6)
FNDA:1,(anonymous_7)
FNDA:2,(anonymous_8)
FNDA:2,(anonymous_9)
FNDA:1,(anonymous_10)
FNDA:1,(anonymous_11)
DA:4,4
DA:8,29
DA:18,1
DA:19,1
DA:22,1
DA:23,1
DA:27,1
DA:30,1
DA:31,4
DA:32,1
DA:35,1
DA:37,1
DA:48,4
DA:49,4
DA:50,4
DA:51,4
DA:53,4
DA:54,4
DA:55,1
DA:56,3
DA:57,1
DA:61,4
DA:64,4
DA:65,4
DA:66,20
DA:68,4
DA:71,4
DA:74,4
DA:85,7
DA:86,7
DA:89,7
DA:90,7
DA:91,2
DA:95,5
DA:97,2
DA:98,2
DA:100,1
DA:101,1
DA:103,1
DA:104,1
DA:106,1
DA:110,4
DA:115,4
DA:116,4
DA:124,2
DA:126,2
DA:127,2
DA:128,2
DA:131,2
DA:133,2
DA:134,8
DA:135,2
DA:138,2
DA:140,2
DA:142,2
DA:143,1
DA:144,1
DA:148,2
DA:149,1
DA:150,1
DA:166,2
DA:168,2
DA:169,2
DA:170,2
DA:173,2
DA:176,2
DA:177,10
DA:178,2
DA:181,2
DA:183,2
DA:185,2
DA:186,1
DA:187,1
DA:191,2
DA:192,1
DA:193,1
LF:76
LH:76
BRDA:22,0,0,1
BRDA:46,1,0,2
BRDA:50,2,0,4
BRDA:50,2,1,0
BRDA:54,3,0,1
BRDA:54,3,1,3
BRDA:56,4,0,1
BRDA:90,5,0,2
BRDA:90,6,0,7
BRDA:90,6,1,6
BRDA:95,7,0,2
BRDA:95,7,1,1
BRDA:95,7,2,1
BRDA:95,7,3,1
BRDA:143,8,0,1
BRDA:149,9,0,1
BRDA:149,10,0,1
BRDA:149,10,1,0
BRDA:186,11,0,1
BRDA:192,12,0,1
BRDA:192,13,0,1
BRDA:192,13,1,0
BRF:22
BRH:19
end_of_record
TN:
SF:src/controllers/SystemController.ts
FN:7,(anonymous_0)
FN:13,(anonymous_1)
FN:34,(anonymous_2)
FN:39,(anonymous_3)
FN:44,(anonymous_4)
FN:49,(anonymous_5)
FN:54,(anonymous_6)
FN:59,(anonymous_7)
FN:65,(anonymous_8)
FN:70,(anonymous_9)
FN:71,(anonymous_10)
FNF:11
FNH:11
FNDA:29,(anonymous_0)
FNDA:1,(anonymous_1)
FNDA:1,(anonymous_2)
FNDA:1,(anonymous_3)
FNDA:1,(anonymous_4)
FNDA:1,(anonymous_5)
FNDA:1,(anonymous_6)
FNDA:1,(anonymous_7)
FNDA:1,(anonymous_8)
FNDA:1,(anonymous_9)
FNDA:1,(anonymous_10)
DA:2,4
DA:4,4
DA:8,29
DA:18,1
DA:19,1
DA:20,1
DA:21,1
DA:24,1
DA:29,1
DA:35,1
DA:40,1
DA:45,1
DA:50,1
DA:55,1
DA:60,1
DA:66,1
DA:67,1
DA:71,1
LF:18
LH:18
BRDA:14,0,0,0
BRDA:15,1,0,0
BRDA:16,2,0,0
BRDA:19,3,0,1
BRDA:20,4,0,1
BRDA:21,5,0,1
BRF:6
BRH:3
end_of_record
TN:
SF:src/parsers/commandStationStatus.ts
FNF:0
FNH:0
DA:1,5
LF:1
LH:1
BRF:0
BRH:0
end_of_record
TN:
SF:src/parsers/feedbackParser.ts
FN:9,(anonymous_0)
FN:14,(anonymous_1)
FNF:2
FNH:2
FNDA:25,(anonymous_0)
FNDA:25,(anonymous_1)
DA:1,5
DA:2,5
DA:5,5
DA:10,25
DA:11,25
DA:15,25
DA:16,1
DA:26,24
DA:27,24
DA:28,1
DA:38,23
DA:40,23
DA:42,18
DA:43,5
DA:45,4
DA:48,1
LF:16
LH:16
BRDA:15,0,0,1
BRDA:15,1,0,25
BRDA:15,1,1,25
BRDA:27,2,0,1
BRDA:40,3,0,18
BRDA:40,3,1,5
BRDA:43,4,0,4
BRDA:43,5,0,5
BRDA:43,5,1,3
BRF:9
BRH:9
end_of_record
TN:
SF:src/parsers/lanParser.ts
FN:11,(anonymous_0)
FNF:1
FNH:1
FNDA:4,(anonymous_0)
DA:3,5
DA:12,4
DA:14,2
DA:15,1
DA:16,1
DA:18,1
DA:19,1
DA:23,2
DA:24,1
DA:25,1
DA:35,1
DA:36,1
DA:39,0
LF:13
LH:12
BRDA:12,0,0,2
BRDA:12,0,1,2
BRDA:12,0,2,0
BRDA:14,1,0,1
BRDA:14,1,1,1
BRDA:23,2,0,1
BRDA:23,2,1,1
BRF:7
BRH:6
end_of_record
TN:
SF:src/parsers/lanXParser.ts
FN:12,(anonymous_0)
FN:77,(anonymous_1)
FN:101,(anonymous_2)
FN:166,(anonymous_3)
FNF:4
FNH:4
FNDA:18,(anonymous_0)
FNDA:4,(anonymous_1)
FNDA:1,(anonymous_2)
FNDA:2,(anonymous_3)
DA:1,5
DA:2,5
DA:11,5
DA:13,18
DA:15,18
DA:17,5
DA:18,5
DA:24,5
DA:25,5
DA:27,0
DA:30,6
DA:32,1
DA:34,1
DA:36,1
DA:38,1
DA:40,1
DA:47,1
DA:54,0
DA:55,0
DA:59,2
DA:60,2
DA:62,0
DA:64,4
DA:67,1
DA:70,0
DA:71,0
DA:74,0
DA:78,4
DA:79,4
DA:80,4
DA:82,4
DA:84,4
DA:86,1
DA:87,1
DA:89,1
DA:90,1
DA:92,1
DA:93,1
DA:95,1
DA:98,4
DA:102,1
DA:103,1
DA:104,1
DA:106,1
DA:107,1
DA:108,1
DA:111,1
DA:113,0
DA:114,0
DA:116,0
DA:117,0
DA:119,1
DA:120,1
DA:122,0
DA:125,1
DA:126,1
DA:127,1
DA:129,1
DA:130,1
DA:131,1
DA:139,1
DA:140,8
DA:142,1
DA:143,8
DA:145,1
DA:146,8
DA:148,1
DA:149,3
DA:152,1
DA:168,2
DA:169,2
DA:170,2
DA:171,2
DA:173,2
LF:74
LH:62
BRDA:15,0,0,5
BRDA:15,0,1,6
BRDA:15,0,2,2
BRDA:15,0,3,4
BRDA:15,0,4,1
BRDA:15,0,5,0
BRDA:17,1,0,5
BRDA:24,2,0,5
BRDA:24,2,1,1
BRDA:30,3,0,1
BRDA:30,3,1,1
BRDA:30,3,2,1
BRDA:30,3,3,1
BRDA:30,3,4,1
BRDA:30,3,5,1
BRDA:30,3,6,0
BRDA:59,4,0,2
BRDA:84,5,0,1
BRDA:84,5,1,1
BRDA:84,5,2,1
BRDA:84,5,3,1
BRDA:111,6,0,0
BRDA:111,6,1,0
BRDA:111,6,2,1
BRDA:111,6,3,0
BRDA:126,7,0,1
BRDA:126,7,1,0
BRDA:139,8,0,1
BRDA:142,9,0,1
BRDA:145,10,0,1
BRDA:148,11,0,1
BRF:31
BRH:25
end_of_record
TN:
SF:src/parsers/lanXReturnCodes.ts
FNF:0
FNH:0
DA:1,5
LF:1
LH:1
BRF:0
BRH:0
end_of_record
TN:
SF:src/transport/Z21UdpTransport.ts
FN:13,(anonymous_1)
FN:22,(anonymous_2)
FN:25,(anonymous_3)
FN:40,(anonymous_4)
FN:60,(anonymous_5)
FN:76,(anonymous_6)
FN:88,(anonymous_7)
FN:89,(anonymous_8)
FN:90,(anonymous_9)
FN:97,(anonymous_10)
FNF:10
FNH:10
FNDA:29,(anonymous_1)
FNDA:5,(anonymous_2)
FNDA:1,(anonymous_3)
FNDA:5,(anonymous_4)
FNDA:23,(anonymous_5)
FNDA:23,(anonymous_6)
FNDA:23,(anonymous_7)
FNDA:23,(anonymous_8)
FNDA:23,(anonymous_9)
FNDA:2,(anonymous_10)
DA:1,4
DA:2,4
DA:6,4
DA:14,29
DA:15,29
DA:16,29
DA:17,29
DA:18,29
DA:19,29
DA:22,29
DA:25,29
DA:26,1
DA:27,1
DA:28,1
DA:31,29
DA:32,1
DA:42,5
DA:43,0
DA:46,5
DA:47,5
DA:48,5
DA:61,23
DA:62,23
DA:64,23
DA:65,23
DA:66,142
DA:69,23
DA:77,23
DA:79,23
DA:81,23
DA:89,23
DA:90,23
DA:91,23
DA:92,23
DA:98,2
LF:35
LH:34
BRDA:13,0,0,0
BRDA:13,1,0,0
BRDA:31,2,0,1
BRDA:42,3,0,0
BRDA:47,4,0,5
BRDA:91,5,0,0
BRDA:91,5,1,23
BRF:7
BRH:3
end_of_record
